2018-06-25 22:12:59,901:INFO:Running job Every 1 minute do job() (last run: [never], next run: 2018-06-25 22:12:59)
2018-06-25 22:12:59,949:INFO:Starting new HTTP connection (1): dataservice.accuweather.com
2018-06-25 22:13:00,348:DEBUG:"GET /currentconditions/v1/188046/historical/24?apikey=maoUyv52tVfNoR4OoUZLCvyVgYcyP2ic&language=en-us&details=true HTTP/1.1" 200 None
2018-06-25 22:13:00,444:INFO:It rained 0.0 mm of water
2018-06-25 22:13:00,451:INFO:Starting new HTTP connection (1): dataservice.accuweather.com
2018-06-25 22:13:00,764:DEBUG:"GET /forecasts/v1/daily/1day/188046?apikey=maoUyv52tVfNoR4OoUZLCvyVgYcyP2ic&details=true&metric=true HTTP/1.1" 200 None
2018-06-25 22:13:00,772:INFO:Forecast is 0.0 mm of rain
2018-06-25 22:13:00,773:INFO:Between yesterday and today expect 0.0 mm of rain
2018-06-25 22:13:03,275:INFO:We are not watering this time. We will get more than 0 mm water.
2018-06-25 22:14:03,333:INFO:Running job Every 1 minute do job() (last run: 2018-06-25 22:13:03, next run: 2018-06-25 22:14:03)
2018-06-25 22:14:03,340:INFO:Starting new HTTP connection (1): dataservice.accuweather.com
2018-06-25 22:14:03,579:DEBUG:"GET /currentconditions/v1/188046/historical/24?apikey=maoUyv52tVfNoR4OoUZLCvyVgYcyP2ic&language=en-us&details=true HTTP/1.1" 200 None
2018-06-25 22:14:03,660:INFO:It rained 0.0 mm of water
2018-06-25 22:14:03,667:INFO:Starting new HTTP connection (1): dataservice.accuweather.com
2018-06-25 22:14:03,868:DEBUG:"GET /forecasts/v1/daily/1day/188046?apikey=maoUyv52tVfNoR4OoUZLCvyVgYcyP2ic&details=true&metric=true HTTP/1.1" 200 None
2018-06-25 22:14:03,876:INFO:Forecast is 0.0 mm of rain
2018-06-25 22:14:03,876:INFO:Between yesterday and today expect 0.0 mm of rain
2018-06-25 22:14:06,380:INFO:We are not watering this time. We will get more than 0 mm water.
2018-06-25 22:23:45,290:INFO:Running job Every 1 minute do job() (last run: [never], next run: 2018-06-25 22:23:45)
2018-06-25 22:23:45,334:INFO:Starting new HTTP connection (1): dataservice.accuweather.com
2018-06-25 22:23:45,782:DEBUG:"GET /currentconditions/v1/188046/historical/24?apikey=maoUyv52tVfNoR4OoUZLCvyVgYcyP2ic&language=en-us&details=true HTTP/1.1" 200 None
2018-06-25 22:23:45,879:INFO:It rained 0.0 mm of water
2018-06-25 22:23:45,886:INFO:Starting new HTTP connection (1): dataservice.accuweather.com
2018-06-25 22:23:46,060:DEBUG:"GET /forecasts/v1/daily/1day/188046?apikey=maoUyv52tVfNoR4OoUZLCvyVgYcyP2ic&details=true&metric=true HTTP/1.1" 200 None
2018-06-25 22:23:46,068:INFO:Forecast is 0.0 mm of rain
2018-06-25 22:23:46,069:INFO:Between yesterday and today expect 0.0 mm of rain
2018-06-25 22:23:51,321:INFO:We are watering.
2018-06-25 22:30:59,080:INFO:Running job Every 1 minute do job() (last run: [never], next run: 2018-06-25 22:30:59)
2018-06-25 22:30:59,125:INFO:Starting new HTTP connection (1): dataservice.accuweather.com
2018-06-25 22:30:59,386:DEBUG:"GET /currentconditions/v1/188046/historical/24?apikey=maoUyv52tVfNoR4OoUZLCvyVgYcyP2ic&language=en-us&details=true HTTP/1.1" 200 None
2018-06-25 22:30:59,481:INFO:It rained 0.0 mm of water
2018-06-25 22:30:59,488:INFO:Starting new HTTP connection (1): dataservice.accuweather.com
2018-06-25 22:30:59,688:DEBUG:"GET /forecasts/v1/daily/1day/188046?apikey=maoUyv52tVfNoR4OoUZLCvyVgYcyP2ic&details=true&metric=true HTTP/1.1" 200 None
2018-06-25 22:30:59,696:INFO:Forecast is 0.0 mm of rain
2018-06-25 22:30:59,696:INFO:Between yesterday and today expect 0.0 mm of rain
2018-06-25 22:31:09,948:INFO:Watering finished.
2018-06-25 22:51:24,633:INFO:Running job Every 5 minutes do job() (last run: [never], next run: 2018-06-25 22:51:24)
2018-06-25 22:51:24,674:INFO:Starting new HTTP connection (1): dataservice.accuweather.com
2018-06-25 22:51:28,119:DEBUG:"GET /currentconditions/v1/188046/historical/24?apikey=maoUyv52tVfNoR4OoUZLCvyVgYcyP2ic&language=en-us&details=true HTTP/1.1" 200 None
2018-06-25 22:51:30,645:INFO:It rained 0.0 mm of water
2018-06-25 22:51:30,653:INFO:Starting new HTTP connection (1): dataservice.accuweather.com
2018-06-25 22:51:33,217:DEBUG:"GET /forecasts/v1/daily/1day/188046?apikey=maoUyv52tVfNoR4OoUZLCvyVgYcyP2ic&details=true&metric=true HTTP/1.1" 200 1019
2018-06-25 22:51:34,418:INFO:Forecast is 0.0 mm of rain
2018-06-25 22:51:34,419:INFO:Between yesterday and today expect 0.0 mm of rain
2018-06-25 22:52:34,670:INFO:Watering finished.
2018-06-26 06:30:01,881:INFO:Running job Every 1 day at 06:30:00 do job() (last run: [never], next run: 2018-06-26 06:30:00)
2018-06-26 06:30:01,924:INFO:Starting new HTTP connection (1): dataservice.accuweather.com
2018-06-26 06:30:02,633:DEBUG:"GET /currentconditions/v1/188046/historical/24?apikey=maoUyv52tVfNoR4OoUZLCvyVgYcyP2ic&language=en-us&details=true HTTP/1.1" 200 3133
2018-06-26 06:30:02,738:INFO:It rained 0.0 mm of water
2018-06-26 06:30:02,746:INFO:Starting new HTTP connection (1): dataservice.accuweather.com
2018-06-26 06:30:03,272:DEBUG:"GET /forecasts/v1/daily/1day/188046?apikey=maoUyv52tVfNoR4OoUZLCvyVgYcyP2ic&details=true&metric=true HTTP/1.1" 200 None
2018-06-26 06:30:03,281:INFO:Forecast is 3.0 mm of rain
2018-06-26 06:30:03,282:INFO:Between yesterday and today expect 0.0 mm of rain
2018-06-26 06:31:03,570:INFO:Watering finished.
2018-06-26 21:56:38,873:INFO:Running job Every 5 minutes do watering() (last run: [never], next run: 2018-06-26 21:56:38)
2018-06-26 22:01:59,419:INFO:Running job Every 5 minutes do watering() (last run: 2018-06-26 21:56:59, next run: 2018-06-26 22:01:59)
2018-06-26 22:07:19,975:INFO:Running job Every 5 minutes do watering() (last run: 2018-06-26 22:02:19, next run: 2018-06-26 22:07:19)
2018-06-26 22:12:40,531:INFO:Running job Every 5 minutes do watering() (last run: 2018-06-26 22:07:40, next run: 2018-06-26 22:12:40)
2018-06-26 22:18:01,103:INFO:Running job Every 5 minutes do watering() (last run: 2018-06-26 22:13:00, next run: 2018-06-26 22:18:00)
2018-06-27 07:33:27,959:INFO:Running job Every 1 minute do watering() (last run: [never], next run: 2018-06-27 07:33:27)
2018-06-27 07:34:48,262:INFO:Running job Every 1 minute do watering() (last run: 2018-06-27 07:33:48, next run: 2018-06-27 07:34:48)
2018-06-27 07:36:08,585:INFO:Running job Every 1 minute do watering() (last run: 2018-06-27 07:35:08, next run: 2018-06-27 07:36:08)
2018-06-27 07:37:28,916:INFO:Running job Every 1 minute do watering() (last run: 2018-06-27 07:36:28, next run: 2018-06-27 07:37:28)
2018-06-27 07:38:49,237:INFO:Running job Every 1 minute do watering() (last run: 2018-06-27 07:37:49, next run: 2018-06-27 07:38:49)
2018-06-27 07:40:09,546:INFO:Running job Every 1 minute do watering() (last run: 2018-06-27 07:39:09, next run: 2018-06-27 07:40:09)
2018-06-27 07:41:29,856:INFO:Running job Every 1 minute do watering() (last run: 2018-06-27 07:40:29, next run: 2018-06-27 07:41:29)
2018-06-27 07:42:50,175:INFO:Running job Every 1 minute do watering() (last run: 2018-06-27 07:41:50, next run: 2018-06-27 07:42:50)
2018-06-27 07:59:11,955:INFO:Running job Every 1 minute do watering() (last run: [never], next run: 2018-06-27 07:59:11)
2018-06-27 08:00:22,277:INFO:Running job Every 1 minute do watering() (last run: 2018-06-27 07:59:22, next run: 2018-06-27 08:00:22)
2018-06-28 06:30:00,797:INFO:Running job Every 1 day at 06:30:00 do job() (last run: [never], next run: 2018-06-28 06:30:00)
2018-06-28 06:30:00,844:INFO:Starting new HTTP connection (1): dataservice.accuweather.com
2018-06-28 06:30:01,380:DEBUG:"GET /currentconditions/v1/188046/historical/24?apikey=maoUyv52tVfNoR4OoUZLCvyVgYcyP2ic&language=en-us&details=true HTTP/1.1" 200 None
2018-06-28 06:30:01,475:INFO:It rained 4.0 mm of water
2018-06-28 06:30:01,482:INFO:Starting new HTTP connection (1): dataservice.accuweather.com
2018-06-28 06:30:01,897:DEBUG:"GET /forecasts/v1/daily/1day/188046?apikey=maoUyv52tVfNoR4OoUZLCvyVgYcyP2ic&details=true&metric=true HTTP/1.1" 200 1036
2018-06-28 06:30:01,905:INFO:Forecast is 3.0 mm of rain
2018-06-28 06:30:01,905:INFO:Between yesterday and today expect 7.0 mm of rain
2018-06-28 06:32:02,250:INFO:Watering finished.
2018-06-28 12:56:46,904:INFO:Running job Every 1 minute do watering() (last run: [never], next run: 2018-06-28 12:56:46)
2018-06-29 06:30:01,964:INFO:Running job Every 1 day at 06:30:00 do job() (last run: [never], next run: 2018-06-29 06:30:00)
2018-06-29 06:30:02,011:INFO:Starting new HTTP connection (1): dataservice.accuweather.com
2018-06-29 06:30:02,619:DEBUG:"GET /currentconditions/v1/188046/historical/24?apikey=maoUyv52tVfNoR4OoUZLCvyVgYcyP2ic&language=en-us&details=true HTTP/1.1" 200 3538
2018-06-29 06:30:02,715:INFO:It rained 2.0 mm of water
2018-06-29 06:30:02,723:INFO:Starting new HTTP connection (1): dataservice.accuweather.com
2018-06-29 06:30:03,376:DEBUG:"GET /forecasts/v1/daily/1day/188046?apikey=maoUyv52tVfNoR4OoUZLCvyVgYcyP2ic&details=true&metric=true HTTP/1.1" 200 None
2018-06-29 06:30:03,384:INFO:Forecast is 1.0 mm of rain
2018-06-29 06:30:03,384:INFO:Between yesterday and today expect 3.0 mm of rain
2018-06-29 06:30:03,385:INFO:Watering starting.
2018-06-29 06:34:03,736:INFO:Watering finished.
2018-06-29 17:48:22,931:INFO:Running job Every 1 minute do watering() (last run: [never], next run: 2018-06-29 17:48:22)
2018-06-29 17:49:33,264:INFO:Running job Every 1 minute do watering() (last run: 2018-06-29 17:48:33, next run: 2018-06-29 17:49:33)
2018-06-29 17:50:43,607:INFO:Running job Every 1 minute do watering() (last run: 2018-06-29 17:49:43, next run: 2018-06-29 17:50:43)
2018-06-29 17:51:53,949:INFO:Running job Every 1 minute do watering() (last run: 2018-06-29 17:50:53, next run: 2018-06-29 17:51:53)
2018-06-29 17:53:04,290:INFO:Running job Every 1 minute do watering() (last run: 2018-06-29 17:52:04, next run: 2018-06-29 17:53:04)
2018-06-29 18:28:24,591:INFO:Running job Every 1 minute do watering() (last run: [never], next run: 2018-06-29 18:28:24)
2018-06-29 20:02:43,157:INFO:Running job Every 1 minute do watering() (last run: [never], next run: 2018-06-29 20:02:43)
2018-06-29 20:03:53,488:INFO:Running job Every 1 minute do watering() (last run: 2018-06-29 20:02:53, next run: 2018-06-29 20:03:53)
2018-06-29 20:05:03,840:INFO:Running job Every 1 minute do watering() (last run: 2018-06-29 20:04:03, next run: 2018-06-29 20:05:03)
2018-06-29 20:06:14,175:INFO:Running job Every 1 minute do watering() (last run: 2018-06-29 20:05:14, next run: 2018-06-29 20:06:14)
2018-06-29 20:07:24,510:INFO:Running job Every 1 minute do watering() (last run: 2018-06-29 20:06:24, next run: 2018-06-29 20:07:24)
2018-06-30 06:30:02,278:INFO:Running job Every 1 day at 06:30:00 do job() (last run: [never], next run: 2018-06-30 06:30:00)
2018-06-30 06:30:02,327:INFO:Starting new HTTP connection (1): dataservice.accuweather.com
2018-06-30 06:30:02,964:DEBUG:"GET /currentconditions/v1/188046/historical/24?apikey=maoUyv52tVfNoR4OoUZLCvyVgYcyP2ic&language=en-us&details=true HTTP/1.1" 200 None
2018-06-30 06:30:03,061:INFO:It rained 0.0 mm of water
2018-06-30 06:30:03,068:INFO:Starting new HTTP connection (1): dataservice.accuweather.com
2018-06-30 06:30:03,794:DEBUG:"GET /forecasts/v1/daily/1day/188046?apikey=maoUyv52tVfNoR4OoUZLCvyVgYcyP2ic&details=true&metric=true HTTP/1.1" 200 1024
2018-06-30 06:30:03,801:INFO:Forecast is 1.0 mm of rain
2018-06-30 06:30:03,802:INFO:Between yesterday and today expect 1.0 mm of rain
2018-06-30 06:30:03,803:INFO:Watering starting.
2018-06-30 06:32:04,082:INFO:Watering finished.
2018-06-30 10:37:11,149:INFO:Running job Every 1 minute do watering() (last run: [never], next run: 2018-06-30 10:37:11)
2018-06-30 10:38:21,493:INFO:Running job Every 1 minute do watering() (last run: 2018-06-30 10:37:21, next run: 2018-06-30 10:38:21)
2018-06-30 10:39:31,830:INFO:Running job Every 1 minute do watering() (last run: 2018-06-30 10:38:31, next run: 2018-06-30 10:39:31)
2018-06-30 10:40:42,170:INFO:Running job Every 1 minute do watering() (last run: 2018-06-30 10:39:42, next run: 2018-06-30 10:40:42)
2018-06-30 10:41:52,502:INFO:Running job Every 1 minute do watering() (last run: 2018-06-30 10:40:52, next run: 2018-06-30 10:41:52)
2018-06-30 10:43:02,846:INFO:Running job Every 1 minute do watering() (last run: 2018-06-30 10:42:02, next run: 2018-06-30 10:43:02)
2018-06-30 10:44:13,172:INFO:Running job Every 1 minute do watering() (last run: 2018-06-30 10:43:13, next run: 2018-06-30 10:44:13)
2018-06-30 10:45:23,509:INFO:Running job Every 1 minute do watering() (last run: 2018-06-30 10:44:23, next run: 2018-06-30 10:45:23)
2018-07-01 06:30:00,578:INFO:Running job Every 1 day at 06:30:00 do job() (last run: 2018-06-30 06:32:04, next run: 2018-07-01 06:30:00)
2018-07-01 06:30:00,586:INFO:Starting new HTTP connection (1): dataservice.accuweather.com
2018-07-01 06:30:01,151:DEBUG:"GET /currentconditions/v1/188046/historical/24?apikey=maoUyv52tVfNoR4OoUZLCvyVgYcyP2ic&language=en-us&details=true HTTP/1.1" 200 None
2018-07-01 06:30:01,234:INFO:It rained 1.0 mm of water
2018-07-01 06:30:01,240:INFO:Starting new HTTP connection (1): dataservice.accuweather.com
2018-07-01 06:30:01,516:DEBUG:"GET /forecasts/v1/daily/1day/188046?apikey=maoUyv52tVfNoR4OoUZLCvyVgYcyP2ic&details=true&metric=true HTTP/1.1" 200 None
2018-07-01 06:30:01,524:INFO:Forecast is 3.0 mm of rain
2018-07-01 06:30:01,524:INFO:Between yesterday and today expect 4.0 mm of rain
2018-07-01 06:30:01,525:INFO:Watering starting.
2018-07-01 06:32:01,876:INFO:Watering finished.
2018-07-02 06:30:00,770:INFO:Running job Every 1 day at 06:30:00 do job() (last run: 2018-07-01 06:32:01, next run: 2018-07-02 06:30:00)
2018-07-02 06:30:00,777:INFO:Starting new HTTP connection (1): dataservice.accuweather.com
2018-07-02 06:30:01,258:DEBUG:"GET /currentconditions/v1/188046/historical/24?apikey=maoUyv52tVfNoR4OoUZLCvyVgYcyP2ic&language=en-us&details=true HTTP/1.1" 200 None
2018-07-02 06:30:01,341:INFO:It rained 0.0 mm of water
2018-07-02 06:30:01,348:INFO:Starting new HTTP connection (1): dataservice.accuweather.com
2018-07-02 06:30:01,736:DEBUG:"GET /forecasts/v1/daily/1day/188046?apikey=maoUyv52tVfNoR4OoUZLCvyVgYcyP2ic&details=true&metric=true HTTP/1.1" 200 1003
2018-07-02 06:30:01,744:INFO:Forecast is 1.0 mm of rain
2018-07-02 06:30:01,745:INFO:Between yesterday and today expect 1.0 mm of rain
2018-07-02 06:30:01,745:INFO:Watering starting.
2018-07-02 06:32:02,048:INFO:Watering finished.
2018-07-03 06:30:00,372:INFO:Running job Every 1 day at 06:30:00 do job() (last run: [never], next run: 2018-07-03 06:30:00)
2018-07-03 06:30:00,421:INFO:Starting new HTTP connection (1): dataservice.accuweather.com
2018-07-03 06:30:00,844:DEBUG:"GET /currentconditions/v1/188046/historical/24?apikey=maoUyv52tVfNoR4OoUZLCvyVgYcyP2ic&language=en-us&details=true HTTP/1.1" 200 None
2018-07-03 06:30:00,936:INFO:It rained 0.0 mm of water
2018-07-03 06:30:00,943:INFO:Starting new HTTP connection (1): dataservice.accuweather.com
2018-07-03 06:30:01,296:DEBUG:"GET /forecasts/v1/daily/1day/188046?apikey=maoUyv52tVfNoR4OoUZLCvyVgYcyP2ic&details=true&metric=true HTTP/1.1" 200 None
2018-07-03 06:30:01,304:INFO:Forecast is 1.0 mm of rain
2018-07-03 06:30:01,305:INFO:Between yesterday and today expect 1.0 mm of rain
2018-07-03 06:30:01,305:INFO:Watering starting.
2018-07-03 06:33:01,565:INFO:Watering finished.
2018-07-04 06:30:00,168:INFO:Running job Every 1 day at 06:30:00 do job() (last run: 2018-07-03 06:33:01, next run: 2018-07-04 06:30:00)
2018-07-04 06:30:00,177:INFO:Starting new HTTP connection (1): dataservice.accuweather.com
2018-07-04 06:30:00,972:DEBUG:"GET /currentconditions/v1/188046/historical/24?apikey=maoUyv52tVfNoR4OoUZLCvyVgYcyP2ic&language=en-us&details=true HTTP/1.1" 200 None
2018-07-04 06:30:01,052:INFO:It rained 0.0 mm of water
2018-07-04 06:30:01,058:INFO:Starting new HTTP connection (1): dataservice.accuweather.com
2018-07-04 06:30:01,528:DEBUG:"GET /forecasts/v1/daily/1day/188046?apikey=maoUyv52tVfNoR4OoUZLCvyVgYcyP2ic&details=true&metric=true HTTP/1.1" 200 1027
2018-07-04 06:30:01,535:INFO:Forecast is 6.0 mm of rain
2018-07-04 06:30:01,536:INFO:Between yesterday and today expect 6.0 mm of rain
2018-07-04 06:30:01,537:INFO:Watering starting.
2018-07-04 06:33:01,788:INFO:Watering finished.
2018-07-04 10:11:00,579:INFO:Running job Every 1 minute do watering() (last run: [never], next run: 2018-07-04 10:11:00)
2018-07-04 10:12:10,921:INFO:Running job Every 1 minute do watering() (last run: 2018-07-04 10:11:10, next run: 2018-07-04 10:12:10)
2018-07-04 10:13:21,251:INFO:Running job Every 1 minute do watering() (last run: 2018-07-04 10:12:21, next run: 2018-07-04 10:13:21)
2018-07-04 10:14:31,592:INFO:Running job Every 1 minute do watering() (last run: 2018-07-04 10:13:31, next run: 2018-07-04 10:14:31)
2018-07-04 10:15:41,928:INFO:Running job Every 1 minute do watering() (last run: 2018-07-04 10:14:41, next run: 2018-07-04 10:15:41)
2018-07-04 10:16:52,260:INFO:Running job Every 1 minute do watering() (last run: 2018-07-04 10:15:52, next run: 2018-07-04 10:16:52)
2018-07-04 10:18:02,595:INFO:Running job Every 1 minute do watering() (last run: 2018-07-04 10:17:02, next run: 2018-07-04 10:18:02)
2018-07-04 10:19:12,936:INFO:Running job Every 1 minute do watering() (last run: 2018-07-04 10:18:12, next run: 2018-07-04 10:19:12)
2018-07-04 10:20:23,281:INFO:Running job Every 1 minute do watering() (last run: 2018-07-04 10:19:23, next run: 2018-07-04 10:20:23)
2018-07-04 10:21:33,622:INFO:Running job Every 1 minute do watering() (last run: 2018-07-04 10:20:33, next run: 2018-07-04 10:21:33)
2018-07-04 10:22:43,966:INFO:Running job Every 1 minute do watering() (last run: 2018-07-04 10:21:43, next run: 2018-07-04 10:22:43)
2018-07-05 06:30:00,470:INFO:Running job Every 1 day at 06:30:00 do job() (last run: 2018-07-04 06:33:01, next run: 2018-07-05 06:30:00)
2018-07-05 06:30:00,481:INFO:Starting new HTTP connection (1): dataservice.accuweather.com
2018-07-05 06:30:00,888:DEBUG:"GET /currentconditions/v1/188046/historical/24?apikey=maoUyv52tVfNoR4OoUZLCvyVgYcyP2ic&language=en-us&details=true HTTP/1.1" 200 3531
2018-07-05 06:30:00,974:INFO:It rained 7.0 mm of water
2018-07-05 06:30:00,982:INFO:Starting new HTTP connection (1): dataservice.accuweather.com
2018-07-05 06:30:01,207:DEBUG:"GET /forecasts/v1/daily/1day/188046?apikey=maoUyv52tVfNoR4OoUZLCvyVgYcyP2ic&details=true&metric=true HTTP/1.1" 200 1026
2018-07-05 06:30:01,214:INFO:Forecast is 1.0 mm of rain
2018-07-05 06:30:01,215:INFO:Between yesterday and today expect 8.0 mm of rain
2018-07-05 06:30:01,216:INFO:Watering starting.
2018-07-05 06:33:01,563:INFO:Watering finished.
2018-07-06 06:30:00,312:INFO:Running job Every 1 day at 06:30:00 do job() (last run: 2018-07-05 06:33:01, next run: 2018-07-06 06:30:00)
2018-07-06 06:30:00,321:INFO:Starting new HTTP connection (1): dataservice.accuweather.com
2018-07-06 06:30:00,864:DEBUG:"GET /currentconditions/v1/188046/historical/24?apikey=maoUyv52tVfNoR4OoUZLCvyVgYcyP2ic&language=en-us&details=true HTTP/1.1" 200 None
2018-07-06 06:30:00,942:INFO:It rained 1.0 mm of water
2018-07-06 06:30:00,949:INFO:Starting new HTTP connection (1): dataservice.accuweather.com
2018-07-06 06:30:01,250:DEBUG:"GET /forecasts/v1/daily/1day/188046?apikey=maoUyv52tVfNoR4OoUZLCvyVgYcyP2ic&details=true&metric=true HTTP/1.1" 200 1025
2018-07-06 06:30:01,257:INFO:Forecast is 1.0 mm of rain
2018-07-06 06:30:01,258:INFO:Between yesterday and today expect 2.0 mm of rain
2018-07-06 06:30:01,258:INFO:Watering starting.
2018-07-06 06:33:01,592:INFO:Watering finished.
2018-07-07 06:30:02,070:INFO:Running job Every 1 day at 06:30:00 do job() (last run: [never], next run: 2018-07-07 06:30:00)
2018-07-07 06:30:02,113:INFO:Starting new HTTP connection (1): dataservice.accuweather.com
2018-07-07 06:30:02,697:DEBUG:"GET /currentconditions/v1/188046/historical/24?apikey=maoUyv52tVfNoR4OoUZLCvyVgYcyP2ic&language=en-us&details=true HTTP/1.1" 200 None
2018-07-07 06:30:02,790:INFO:It rained 2.0 mm of water
2018-07-07 06:30:02,797:INFO:Starting new HTTP connection (1): dataservice.accuweather.com
2018-07-07 06:30:03,103:DEBUG:"GET /forecasts/v1/daily/1day/188046?apikey=maoUyv52tVfNoR4OoUZLCvyVgYcyP2ic&details=true&metric=true HTTP/1.1" 200 None
2018-07-07 06:30:03,111:INFO:Forecast is 0.0 mm of rain
2018-07-07 06:30:03,112:INFO:Between yesterday and today expect 2.0 mm of rain
2018-07-07 06:30:03,112:INFO:Watering starting.
2018-07-07 06:34:03,463:INFO:Watering finished.
2018-07-08 06:30:01,720:INFO:Running job Every 1 day at 06:30:00 do job() (last run: 2018-07-07 06:34:03, next run: 2018-07-08 06:30:00)
2018-07-08 06:30:01,728:INFO:Starting new HTTP connection (1): dataservice.accuweather.com
2018-07-08 06:30:02,225:DEBUG:"GET /currentconditions/v1/188046/historical/24?apikey=maoUyv52tVfNoR4OoUZLCvyVgYcyP2ic&language=en-us&details=true HTTP/1.1" 200 None
2018-07-08 06:30:02,306:INFO:It rained 0.0 mm of water
2018-07-08 06:30:02,312:INFO:Starting new HTTP connection (1): dataservice.accuweather.com
2018-07-08 06:30:02,608:DEBUG:"GET /forecasts/v1/daily/1day/188046?apikey=maoUyv52tVfNoR4OoUZLCvyVgYcyP2ic&details=true&metric=true HTTP/1.1" 200 1037
2018-07-08 06:30:02,615:INFO:Forecast is 1.0 mm of rain
2018-07-08 06:30:02,616:INFO:Between yesterday and today expect 1.0 mm of rain
2018-07-08 06:30:02,617:INFO:Watering starting.
2018-07-08 06:34:02,962:INFO:Watering finished.
2018-07-09 06:30:01,189:INFO:Running job Every 1 day at 06:30:00 do job() (last run: 2018-07-08 06:34:02, next run: 2018-07-09 06:30:00)
2018-07-09 06:30:01,197:INFO:Starting new HTTP connection (1): dataservice.accuweather.com
2018-07-09 06:30:01,605:DEBUG:"GET /currentconditions/v1/188046/historical/24?apikey=maoUyv52tVfNoR4OoUZLCvyVgYcyP2ic&language=en-us&details=true HTTP/1.1" 200 None
2018-07-09 06:30:01,709:INFO:It rained 1.0 mm of water
2018-07-09 06:30:01,717:INFO:Starting new HTTP connection (1): dataservice.accuweather.com
2018-07-09 06:30:02,059:DEBUG:"GET /forecasts/v1/daily/1day/188046?apikey=maoUyv52tVfNoR4OoUZLCvyVgYcyP2ic&details=true&metric=true HTTP/1.1" 200 None
2018-07-09 06:30:02,067:INFO:Forecast is 1.0 mm of rain
2018-07-09 06:30:02,067:INFO:Between yesterday and today expect 2.0 mm of rain
2018-07-09 06:30:02,068:INFO:Watering starting.
2018-07-09 06:34:02,419:INFO:Watering finished.
2018-07-10 06:30:01,088:INFO:Running job Every 1 day at 06:30:00 do job() (last run: 2018-07-09 06:34:02, next run: 2018-07-10 06:30:00)
2018-07-10 06:30:01,096:INFO:Starting new HTTP connection (1): dataservice.accuweather.com
2018-07-10 06:30:01,706:DEBUG:"GET /currentconditions/v1/188046/historical/24?apikey=maoUyv52tVfNoR4OoUZLCvyVgYcyP2ic&language=en-us&details=true HTTP/1.1" 200 3221
2018-07-10 06:30:01,786:INFO:It rained 1.0 mm of water
2018-07-10 06:30:01,793:INFO:Starting new HTTP connection (1): dataservice.accuweather.com
2018-07-10 06:30:02,332:DEBUG:"GET /forecasts/v1/daily/1day/188046?apikey=maoUyv52tVfNoR4OoUZLCvyVgYcyP2ic&details=true&metric=true HTTP/1.1" 200 None
2018-07-10 06:30:02,340:INFO:Forecast is 1.0 mm of rain
2018-07-10 06:30:02,340:INFO:Between yesterday and today expect 2.0 mm of rain
2018-07-10 06:30:02,341:INFO:Watering starting.
2018-07-10 06:34:02,592:INFO:Watering finished.
2018-10-21 06:30:01,801:INFO:Running job Every 1 day at 06:30:00 do job() (last run: [never], next run: 2018-10-21 06:30:00)
2018-10-21 06:30:01,873:DEBUG:Starting new HTTP connection (1): dataservice.accuweather.com
2018-10-21 06:30:02,397:DEBUG:http://dataservice.accuweather.com:80 "GET /currentconditions/v1/188046/historical/24?apikey=maoUyv52tVfNoR4OoUZLCvyVgYcyP2ic&language=en-us&details=true HTTP/1.1" 200 None
2018-10-21 06:30:02,453:INFO:It rained 1.0 mm of water
2018-10-21 06:30:02,465:DEBUG:Starting new HTTP connection (1): dataservice.accuweather.com
2018-10-21 06:30:02,858:DEBUG:http://dataservice.accuweather.com:80 "GET /forecasts/v1/daily/1day/188046?apikey=maoUyv52tVfNoR4OoUZLCvyVgYcyP2ic&details=true&metric=true HTTP/1.1" 200 1049
2018-10-21 06:30:02,867:INFO:Forecast is 1.0 mm of rain
2018-10-21 06:30:02,868:INFO:Between yesterday and today expect 2.0 mm of rain
2018-10-21 06:30:02,868:INFO:Watering starting.
2018-10-21 06:43:03,530:INFO:Watering finished.
2018-10-22 06:30:00,192:INFO:Running job Every 1 day at 06:30:00 do job() (last run: 2018-10-21 06:43:03, next run: 2018-10-22 06:30:00)
2018-10-22 06:30:00,205:DEBUG:Starting new HTTP connection (1): dataservice.accuweather.com
2018-10-22 06:30:00,692:DEBUG:http://dataservice.accuweather.com:80 "GET /currentconditions/v1/188046/historical/24?apikey=maoUyv52tVfNoR4OoUZLCvyVgYcyP2ic&language=en-us&details=true HTTP/1.1" 200 None
2018-10-22 06:30:00,746:INFO:It rained 0.0 mm of water
2018-10-22 06:30:00,758:DEBUG:Starting new HTTP connection (1): dataservice.accuweather.com
2018-10-22 06:30:01,263:DEBUG:http://dataservice.accuweather.com:80 "GET /forecasts/v1/daily/1day/188046?apikey=maoUyv52tVfNoR4OoUZLCvyVgYcyP2ic&details=true&metric=true HTTP/1.1" 200 947
2018-10-22 06:30:01,272:INFO:Forecast is 0.0 mm of rain
2018-10-22 06:30:01,273:INFO:Between yesterday and today expect 0.0 mm of rain
2018-10-22 06:30:01,274:INFO:Watering starting.
2018-10-22 06:43:01,935:INFO:Watering finished.
2018-10-23 06:30:00,745:INFO:Running job Every 1 day at 06:30:00 do job() (last run: 2018-10-22 06:43:01, next run: 2018-10-23 06:30:00)
2018-10-23 06:30:00,760:DEBUG:Starting new HTTP connection (1): dataservice.accuweather.com
2018-10-23 06:30:01,617:DEBUG:http://dataservice.accuweather.com:80 "GET /currentconditions/v1/188046/historical/24?apikey=maoUyv52tVfNoR4OoUZLCvyVgYcyP2ic&language=en-us&details=true HTTP/1.1" 200 None
2018-10-23 06:30:34,227:INFO:It rained 0.0 mm of water
2018-10-23 06:30:34,238:DEBUG:Starting new HTTP connection (1): dataservice.accuweather.com
2018-10-23 06:30:34,544:DEBUG:http://dataservice.accuweather.com:80 "GET /forecasts/v1/daily/1day/188046?apikey=maoUyv52tVfNoR4OoUZLCvyVgYcyP2ic&details=true&metric=true HTTP/1.1" 200 None
2018-10-23 06:30:34,554:INFO:Forecast is 0.0 mm of rain
2018-10-23 06:30:34,555:INFO:Between yesterday and today expect 0.0 mm of rain
2018-10-23 06:30:34,555:INFO:Watering starting.
2018-10-23 06:43:35,123:INFO:Watering finished.
2018-10-24 06:30:01,815:INFO:Running job Every 1 day at 06:30:00 do job() (last run: 2018-10-23 06:43:35, next run: 2018-10-24 06:30:00)
2018-10-24 06:30:01,831:DEBUG:Starting new HTTP connection (1): dataservice.accuweather.com
2018-10-24 06:30:09,269:DEBUG:http://dataservice.accuweather.com:80 "GET /currentconditions/v1/188046/historical/24?apikey=maoUyv52tVfNoR4OoUZLCvyVgYcyP2ic&language=en-us&details=true HTTP/1.1" 200 2971
2018-10-24 06:30:13,155:INFO:It rained 0.0 mm of water
2018-10-24 06:30:13,166:DEBUG:Starting new HTTP connection (1): dataservice.accuweather.com
2018-10-24 06:30:16,833:DEBUG:http://dataservice.accuweather.com:80 "GET /forecasts/v1/daily/1day/188046?apikey=maoUyv52tVfNoR4OoUZLCvyVgYcyP2ic&details=true&metric=true HTTP/1.1" 200 None
2018-10-24 06:30:17,636:INFO:Forecast is 0.0 mm of rain
2018-10-24 06:30:17,637:INFO:Between yesterday and today expect 0.0 mm of rain
2018-10-24 06:30:17,638:INFO:Watering starting.
2018-10-24 06:43:18,299:INFO:Watering finished.
2018-10-25 06:30:01,745:INFO:Running job Every 1 day at 06:30:00 do job() (last run: [never], next run: 2018-10-25 06:30:00)
2018-10-25 06:30:01,816:DEBUG:Starting new HTTP connection (1): dataservice.accuweather.com
2018-10-25 06:30:02,330:DEBUG:http://dataservice.accuweather.com:80 "GET /currentconditions/v1/188046/historical/24?apikey=maoUyv52tVfNoR4OoUZLCvyVgYcyP2ic&language=en-us&details=true HTTP/1.1" 200 None
2018-10-25 06:30:02,386:INFO:It rained 0.0 mm of water
2018-10-25 06:30:02,397:DEBUG:Starting new HTTP connection (1): dataservice.accuweather.com
2018-10-25 06:30:03,488:DEBUG:http://dataservice.accuweather.com:80 "GET /forecasts/v1/daily/1day/188046?apikey=maoUyv52tVfNoR4OoUZLCvyVgYcyP2ic&details=true&metric=true HTTP/1.1" 200 956
2018-10-25 06:30:03,497:INFO:Forecast is 0.0 mm of rain
2018-10-25 06:30:03,498:INFO:Between yesterday and today expect 0.0 mm of rain
2018-10-25 06:30:03,499:INFO:Watering starting.
2018-10-25 06:30:03,499:INFO:Sprinkler running.
2018-10-25 06:31:03,810:INFO:Sprinkler finished.
2018-10-25 06:31:03,811:INFO:Watering finished.
